<html>
<head>
<title>TestNG:  Default test</title>
<link href="../testng.css" rel="stylesheet" type="text/css" />
<link href="../my-testng.css" rel="stylesheet" type="text/css" />

<style type="text/css">
.log { display: none;} 
.stack-trace { display: none;} 
</style>
<script type="text/javascript">
<!--
function flip(e) {
  current = e.style.display;
  if (current == 'block') {
    e.style.display = 'none';
    return 0;
  }
  else {
    e.style.display = 'block';
    return 1;
  }
}

function toggleBox(szDivId, elem, msg1, msg2)
{
  var res = -1;  if (document.getElementById) {
    res = flip(document.getElementById(szDivId));
  }
  else if (document.all) {
    // this is the way old msie versions work
    res = flip(document.all[szDivId]);
  }
  if(elem) {
    if(res == 0) elem.innerHTML = msg1; else elem.innerHTML = msg2;
  }

}

function toggleAllBoxes() {
  if (document.getElementsByTagName) {
    d = document.getElementsByTagName('div');
    for (i = 0; i < d.length; i++) {
      if (d[i].className == 'log') {
        flip(d[i]);
      }
    }
  }
}

// -->
</script>

</head>
<body>
<h2 align='center'>Default test</h2><table border='1' align="center">
<tr>
<td>Tests passed/Failed/Skipped:</td><td>3/1/0</td>
</tr><tr>
<td>Started on:</td><td>Sat May 28 22:01:52 IST 2022</td>
</tr>
<tr><td>Total time:</td><td>1 seconds (1187 ms)</td>
</tr><tr>
<td>Included groups:</td><td></td>
</tr><tr>
<td>Excluded groups:</td><td></td>
</tr>
</table><p/>
<small><i>(Hover the method name to see the test class name)</i></small><p/>
<table width='100%' border='1' class='invocation-failed'>
<tr><td colspan='4' align='center'><b>FAILED TESTS</b></td></tr>
<tr><td><b>Test method</b></td>
<td><b>Attribute(s)</b></td>
<td width="30%"><b>Exception</b></td>
<td width="10%"><b>Time (seconds)</b></td>
<td><b>Instance</b></td>
</tr>
<tr>
<td title='sampleprograms.Testng_Annotations_Parameters_Egs.test2()'><b>test2</b><br>Test class: sampleprograms.Testng_Annotations_Parameters_Egs</td>
<td><div><pre>org.testng.internal.thread.ThreadTimeoutException: Method sampleprograms.Testng_Annotations_Parameters_Egs.test2() didn&apos;t finish within the time-out 1000
	at java.base@11.0.2/java.lang.Thread.sleep(Native Method)
	at app//sampleprograms.Testng_Annotations_Parameters_Egs.test2(Testng_Annotations_Parameters_Egs.java:15)
	at java.base@11.0.2/jdk.internal.reflect.NativeMethodAccessorImpl.invoke0(Native Method)
	at java.base@11.0.2/jdk.internal.reflect.NativeMethodAccessorImpl.invoke(NativeMethodAccessorImpl.java:62)
	at java.base@11.0.2/jdk.internal.reflect.DelegatingMethodAccessorImpl.invoke(DelegatingMethodAccessorImpl.java:43)
	at java.base@11.0.2/java.lang.reflect.Method.invoke(Method.java:566)
	at app//org.testng.internal.invokers.MethodInvocationHelper.invokeMethod(MethodInvocationHelper.java:139)
	at app//org.testng.internal.invokers.InvokeMethodRunnable.runOne(InvokeMethodRunnable.java:47)
	at app//org.testng.internal.invokers.InvokeMethodRunnable.call(InvokeMethodRunnable.java:76)
	at app//org.testng.internal.invokers.InvokeMethodRunnable.call(InvokeMethodRunnable.java:11)
	at java.base@11.0.2/java.util.concurrent.FutureTask.run(FutureTask.java:264)
	at java.base@11.0.2/java.util.concurrent.ThreadPoolExecutor.runWorker(ThreadPoolExecutor.java:1128)
	at java.base@11.0.2/java.util.concurrent.ThreadPoolExecutor$Worker.run(ThreadPoolExecutor.java:628)
	at java.base@11.0.2/java.lang.Thread.run(Thread.java:834)
</pre></div><a href='#' onClick='toggleBox("stack-trace2074658615", this, "Click to show all stack frames", "Click to hide stack frames")'>Click to show all stack frames</a>
<div class='stack-trace' id='stack-trace2074658615'><pre>org.testng.internal.thread.ThreadTimeoutException: Method sampleprograms.Testng_Annotations_Parameters_Egs.test2() didn&apos;t finish within the time-out 1000
	at java.base@11.0.2/java.lang.Thread.sleep(Native Method)
	at app//sampleprograms.Testng_Annotations_Parameters_Egs.test2(Testng_Annotations_Parameters_Egs.java:15)
	at java.base@11.0.2/jdk.internal.reflect.NativeMethodAccessorImpl.invoke0(Native Method)
	at java.base@11.0.2/jdk.internal.reflect.NativeMethodAccessorImpl.invoke(NativeMethodAccessorImpl.java:62)
	at java.base@11.0.2/jdk.internal.reflect.DelegatingMethodAccessorImpl.invoke(DelegatingMethodAccessorImpl.java:43)
	at java.base@11.0.2/java.lang.reflect.Method.invoke(Method.java:566)
	at app//org.testng.internal.invokers.MethodInvocationHelper.invokeMethod(MethodInvocationHelper.java:139)
	at app//org.testng.internal.invokers.InvokeMethodRunnable.runOne(InvokeMethodRunnable.java:47)
	at app//org.testng.internal.invokers.InvokeMethodRunnable.call(InvokeMethodRunnable.java:76)
	at app//org.testng.internal.invokers.InvokeMethodRunnable.call(InvokeMethodRunnable.java:11)
	at java.base@11.0.2/java.util.concurrent.FutureTask.run(FutureTask.java:264)
	at java.base@11.0.2/java.util.concurrent.ThreadPoolExecutor.runWorker(ThreadPoolExecutor.java:1128)
	at java.base@11.0.2/java.util.concurrent.ThreadPoolExecutor$Worker.run(ThreadPoolExecutor.java:628)
	at java.base@11.0.2/java.lang.Thread.run(Thread.java:834)
</pre></div></td>
<td>1</td>
<td>sampleprograms.Testng_Annotations_Parameters_Egs@6892b3b6</td></tr>
</table><p>
<table width='100%' border='1' class='invocation-passed'>
<tr><td colspan='4' align='center'><b>PASSED TESTS</b></td></tr>
<tr><td><b>Test method</b></td>
<td><b>Attribute(s)</b></td>
<td width="30%"><b>Exception</b></td>
<td width="10%"><b>Time (seconds)</b></td>
<td><b>Instance</b></td>
</tr>
<tr>
<td title='sampleprograms.Testng_Annotations_Parameters_Egs.test1()'><b>test1</b><br>Test class: sampleprograms.Testng_Annotations_Parameters_Egs</td>
<td></td>
<td>0</td>
<td>sampleprograms.Testng_Annotations_Parameters_Egs@6892b3b6</td></tr>
<tr>
<td title='sampleprograms.Testng_Annotations_Parameters_Egs.test3()'><b>test3</b><br>Test class: sampleprograms.Testng_Annotations_Parameters_Egs</td>
<td></td>
<td>0</td>
<td>sampleprograms.Testng_Annotations_Parameters_Egs@6892b3b6</td></tr>
<tr>
<td title='sampleprograms.Testng_Annotations_Parameters_Egs.test4()'><b>test4</b><br>Test class: sampleprograms.Testng_Annotations_Parameters_Egs<br>Test method: test4 method</td>
<td></td>
<td>0</td>
<td>sampleprograms.Testng_Annotations_Parameters_Egs@6892b3b6</td></tr>
</table><p>
</body>
</html>