<?xml version="1.0" encoding="UTF-8"?>
<!-- Generated by org.testng.reporters.JUnitXMLReporter -->
<testsuite ignored="0" hostname="Vignesh" failures="1" tests="4" name="Default test" time="1.187" errors="0" timestamp="2022-05-28T22:01:53 IST">
  <testcase classname="sampleprograms.Testng_Annotations_Parameters_Egs" name="test1" time="0.015"/>
  <testcase classname="sampleprograms.Testng_Annotations_Parameters_Egs" name="test2" time="1.042">
    <failure type="org.testng.internal.thread.ThreadTimeoutException" message="Method sampleprograms.Testng_Annotations_Parameters_Egs.test2() didn&amp;apos;t finish within the time-out 1000">
      <![CDATA[org.testng.internal.thread.ThreadTimeoutException: Method sampleprograms.Testng_Annotations_Parameters_Egs.test2() didn't finish within the time-out 1000
at java.base@11.0.2/java.lang.Thread.sleep(Native Method)
at app//sampleprograms.Testng_Annotations_Parameters_Egs.test2(Testng_Annotations_Parameters_Egs.java:15)
at java.base@11.0.2/jdk.internal.reflect.NativeMethodAccessorImpl.invoke0(Native Method)
at java.base@11.0.2/jdk.internal.reflect.NativeMethodAccessorImpl.invoke(NativeMethodAccessorImpl.java:62)
at java.base@11.0.2/jdk.internal.reflect.DelegatingMethodAccessorImpl.invoke(DelegatingMethodAccessorImpl.java:43)
at java.base@11.0.2/java.lang.reflect.Method.invoke(Method.java:566)
at app//org.testng.internal.invokers.MethodInvocationHelper.invokeMethod(MethodInvocationHelper.java:139)
at app//org.testng.internal.invokers.InvokeMethodRunnable.runOne(InvokeMethodRunnable.java:47)
at app//org.testng.internal.invokers.InvokeMethodRunnable.call(InvokeMethodRunnable.java:76)
at app//org.testng.internal.invokers.InvokeMethodRunnable.call(InvokeMethodRunnable.java:11)
at java.base@11.0.2/java.util.concurrent.FutureTask.run(FutureTask.java:264)
at java.base@11.0.2/java.util.concurrent.ThreadPoolExecutor.runWorker(ThreadPoolExecutor.java:1128)
at java.base@11.0.2/java.util.concurrent.ThreadPoolExecutor$Worker.run(ThreadPoolExecutor.java:628)
at java.base@11.0.2/java.lang.Thread.run(Thread.java:834)
]]>
    </failure>
  </testcase> <!-- test2 -->
  <testcase classname="sampleprograms.Testng_Annotations_Parameters_Egs" name="test4" time="0.001"/>
  <testcase classname="sampleprograms.Testng_Annotations_Parameters_Egs" name="test3" time="0.002"/>
</testsuite> <!-- Default test -->
